Base path: 'C:/Program Files/Unity/Hub/Editor/2019.4.15f1/Editor/Data', plugins path 'C:/Program Files/Unity/Hub/Editor/2019.4.15f1/Editor/Data/PlaybackEngines'
Cmd: initializeCompiler
Cmd: preprocess
  insize=811 outsize=209 ok=1
Cmd: preprocess
  insize=811 outsize=209 ok=1
Cmd: preprocess
  insize=811 outsize=209 ok=1
Cmd: preprocess
  insize=811 outsize=209 ok=1
Cmd: preprocess
  insize=811 outsize=209 ok=1
Cmd: preprocess
  insize=811 outsize=209 ok=1
Cmd: preprocess
  insize=811 outsize=209 ok=1
Cmd: preprocess
  insize=811 outsize=209 ok=1
Cmd: preprocess
  insize=811 outsize=209 ok=1
Cmd: preprocess
  insize=811 outsize=209 ok=1
Cmd: preprocess
  insize=811 outsize=209 ok=1
Cmd: preprocess
  insize=811 outsize=209 ok=1
Cmd: preprocess
  insize=811 outsize=209 ok=1
Cmd: preprocess
  insize=811 outsize=209 ok=1
Cmd: preprocess
  insize=811 outsize=209 ok=1
Cmd: preprocess
  insize=811 outsize=209 ok=1
Cmd: preprocess
  insize=811 outsize=209 ok=1
Cmd: preprocess
  insize=811 outsize=209 ok=1
Cmd: preprocess
  insize=811 outsize=209 ok=1
Cmd: preprocess
  insize=811 outsize=209 ok=1
Cmd: preprocess
  insize=811 outsize=209 ok=1
Cmd: preprocess
  insize=811 outsize=209 ok=1
Cmd: preprocess
  insize=811 outsize=209 ok=1
Cmd: preprocess
  insize=811 outsize=209 ok=1
Cmd: preprocess
  insize=811 outsize=209 ok=1
Cmd: preprocess
  insize=811 outsize=209 ok=1
Cmd: preprocess
  insize=811 outsize=209 ok=1
Cmd: preprocess
  insize=811 outsize=209 ok=1
Cmd: preprocess
  insize=811 outsize=209 ok=1
Cmd: preprocess
  insize=811 outsize=209 ok=1
Cmd: preprocess
  insize=811 outsize=209 ok=1
Cmd: preprocess
  insize=811 outsize=209 ok=1
Cmd: preprocess
  insize=811 outsize=209 ok=1
Cmd: preprocess
  insize=811 outsize=209 ok=1
Cmd: preprocess
  insize=811 outsize=209 ok=1
Cmd: preprocess
  insize=811 outsize=209 ok=1
Cmd: preprocess
  insize=5759 outsize=1085 ok=1
Cmd: preprocess
  insize=5449 outsize=1087 ok=1
Cmd: preprocess
  insize=5013 outsize=1085 ok=1
Cmd: preprocess
  insize=4796 outsize=1086 ok=1
Cmd: preprocess
  insize=4235 outsize=1090 ok=1
Cmd: preprocess
  insize=4326 outsize=1090 ok=1
Cmd: preprocess
  insize=7579 outsize=1091 ok=1
Cmd: preprocess
  insize=8916 outsize=1092 ok=1
Cmd: preprocess
  insize=4427 outsize=1089 ok=1
Cmd: preprocess
  insize=10537 outsize=1087 ok=1
Cmd: preprocess
  insize=4744 outsize=1085 ok=1
Cmd: preprocess
  insize=5050 outsize=1084 ok=1
Cmd: preprocess
  insize=6485 outsize=1080 ok=1
Cmd: preprocess
  insize=6638 outsize=1080 ok=1
Cmd: preprocess
  insize=6853 outsize=1085 ok=1
Cmd: preprocess
  insize=4744 outsize=1086 ok=1
Cmd: preprocess
  insize=5054 outsize=1085 ok=1
Cmd: preprocess
  insize=5299 outsize=1080 ok=1
Cmd: preprocess
  insize=5514 outsize=1085 ok=1
Cmd: preprocess
  insize=10534 outsize=1084 ok=1
Cmd: preprocess
  insize=811 outsize=209 ok=1
Cmd: preprocess
  insize=26652 outsize=1597 ok=1
Cmd: preprocess
  insize=811 outsize=209 ok=1
Cmd: preprocess
  insize=11306 outsize=279 ok=1
Cmd: preprocess
  insize=811 outsize=209 ok=1
Cmd: preprocess
  insize=811 outsize=209 ok=1
Cmd: preprocess
  insize=811 outsize=209 ok=1
Cmd: preprocess
  insize=811 outsize=209 ok=1
Cmd: preprocess
  insize=811 outsize=209 ok=1
Cmd: preprocess
  insize=811 outsize=209 ok=1
Cmd: preprocess
  insize=811 outsize=209 ok=1
Cmd: preprocess
  insize=811 outsize=209 ok=1
Cmd: preprocess
  insize=811 outsize=209 ok=1
Cmd: preprocess
  insize=811 outsize=209 ok=1
Cmd: preprocess
  insize=811 outsize=209 ok=1
Cmd: preprocess
  insize=811 outsize=209 ok=1
Cmd: preprocess
  insize=811 outsize=209 ok=1
Cmd: preprocess
  insize=811 outsize=209 ok=1
Cmd: preprocess
  insize=811 outsize=209 ok=1
Cmd: preprocess
  insize=811 outsize=209 ok=1
Cmd: preprocess
  insize=811 outsize=209 ok=1
Cmd: preprocess
  insize=811 outsize=209 ok=1
Cmd: preprocess
  insize=811 outsize=209 ok=1
Cmd: preprocess
  insize=811 outsize=209 ok=1
Cmd: preprocess
  insize=811 outsize=209 ok=1
Cmd: preprocess
  insize=811 outsize=209 ok=1
Cmd: preprocess
  insize=811 outsize=209 ok=1
Cmd: preprocess
  insize=811 outsize=209 ok=1
Cmd: preprocess
  insize=811 outsize=209 ok=1
Cmd: preprocess
  insize=811 outsize=209 ok=1
Cmd: preprocess
  insize=811 outsize=209 ok=1
Cmd: preprocess
  insize=811 outsize=209 ok=1
Cmd: preprocess
  insize=811 outsize=209 ok=1
Cmd: preprocess
  insize=811 outsize=209 ok=1
Cmd: preprocess
  insize=811 outsize=209 ok=1
Cmd: preprocess
  insize=811 outsize=209 ok=1
Cmd: preprocess
  insize=811 outsize=209 ok=1
Cmd: preprocess
  insize=811 outsize=209 ok=1
Cmd: preprocess
  insize=811 outsize=209 ok=1
Cmd: preprocess
  insize=811 outsize=209 ok=1
Cmd: preprocess
  insize=5759 outsize=1085 ok=1
Cmd: preprocess
  insize=5449 outsize=1087 ok=1
Cmd: preprocess
  insize=5013 outsize=1085 ok=1
Cmd: preprocess
  insize=4796 outsize=1086 ok=1
Cmd: preprocess
  insize=4235 outsize=1090 ok=1
Cmd: preprocess
  insize=4326 outsize=1090 ok=1
Cmd: preprocess
  insize=7579 outsize=1091 ok=1
Cmd: preprocess
  insize=8916 outsize=1092 ok=1
Cmd: preprocess
  insize=4427 outsize=1089 ok=1
Cmd: preprocess
  insize=10537 outsize=1087 ok=1
Cmd: preprocess
  insize=4744 outsize=1085 ok=1
Cmd: preprocess
  insize=5050 outsize=1084 ok=1
Cmd: preprocess
  insize=6485 outsize=1080 ok=1
Cmd: preprocess
  insize=6638 outsize=1080 ok=1
Cmd: preprocess
  insize=6853 outsize=1085 ok=1
Cmd: preprocess
  insize=4744 outsize=1086 ok=1
Cmd: preprocess
  insize=5054 outsize=1085 ok=1
Cmd: preprocess
  insize=5299 outsize=1080 ok=1
Cmd: preprocess
  insize=5514 outsize=1085 ok=1
Cmd: preprocess
  insize=10534 outsize=1084 ok=1
Cmd: preprocess
  insize=811 outsize=209 ok=1
Cmd: preprocess
  insize=4421 outsize=1133 ok=1
Cmd: preprocess
  insize=12948 outsize=1128 ok=1
Cmd: preprocess
  insize=811 outsize=209 ok=1
Cmd: preprocess
  insize=12929 outsize=1128 ok=1
Cmd: preprocess
  insize=811 outsize=209 ok=1
Cmd: preprocess
  insize=12910 outsize=1128 ok=1
Cmd: preprocess
  insize=811 outsize=209 ok=1
Cmd: preprocess
  insize=12891 outsize=1128 ok=1
Cmd: preprocess
  insize=811 outsize=209 ok=1
Cmd: preprocess
  insize=12872 outsize=1128 ok=1
Cmd: preprocess
  insize=811 outsize=209 ok=1
Cmd: preprocess
  insize=12853 outsize=1128 ok=1
Cmd: preprocess
  insize=811 outsize=209 ok=1
Cmd: preprocess
  insize=12838 outsize=1128 ok=1
Cmd: preprocess
  insize=811 outsize=209 ok=1
Cmd: preprocess
  insize=12823 outsize=1126 ok=1
Cmd: preprocess
  insize=811 outsize=209 ok=1
Cmd: preprocess
  insize=12806 outsize=1128 ok=1
Cmd: preprocess
  insize=811 outsize=209 ok=1
Cmd: preprocess
  insize=12789 outsize=1128 ok=1
Cmd: preprocess
  insize=811 outsize=209 ok=1
Cmd: preprocess
  insize=12770 outsize=1128 ok=1
Cmd: preprocess
  insize=12693 outsize=1128 ok=1
Cmd: preprocess
  insize=12772 outsize=1128 ok=1
Cmd: preprocess
  insize=811 outsize=209 ok=1
Cmd: preprocess
  insize=12755 outsize=1128 ok=1
Cmd: preprocess
  insize=811 outsize=209 ok=1
Cmd: preprocess
  insize=12736 outsize=1128 ok=1
Cmd: preprocess
  insize=811 outsize=209 ok=1
Cmd: preprocess
  insize=12717 outsize=1128 ok=1
Cmd: preprocess
  insize=12804 outsize=1186 ok=1
Cmd: compileSnippet
  error: 1 plat 4 at (245): 'TransformObjectToWorld': implicit truncation of vector type\nCompiling Vertex program
Platform defines: UNITY_ENABLE_REFLECTION_BUFFERS UNITY_USE_DITHER_MASK_FOR_ALPHABLENDED_SHADOWS UNITY_PBS_USE_BRDF1 UNITY_SPECCUBE_BOX_PROJECTION UNITY_SPECCUBE_BLENDING UNITY_ENABLE_DETAIL_NORMALMAP SHADER_API_DESKTOP UNITY_LIGHT_PROBE_PROXY_VOLUME UNITY_LIGHTMAP_RGBM_ENCODING
  api=4 type=0 insize=11954 outsize=1018 kw= pd=UNITY_ENABLE_REFLECTION_BUFFERS UNITY_USE_DITHER_MASK_FOR_ALPHABLENDED_SHADOWS UNITY_PBS_USE_BRDF1 UNITY_SPECCUBE_BOX_PROJECTION UNITY_SPECCUBE_BLENDING UNITY_ENABLE_DETAIL_NORMALMAP SHADER_API_DESKTOP UNITY_LIGHT_PROBE_PROXY_VOLUME UNITY_LIGHTMAP_RGBM_ENCODING ok=1
Cmd: compileSnippet
  error: 1 plat 4 at (245): 'TransformObjectToWorld': implicit truncation of vector type\nCompiling Fragment program
Platform defines: UNITY_ENABLE_REFLECTION_BUFFERS UNITY_USE_DITHER_MASK_FOR_ALPHABLENDED_SHADOWS UNITY_PBS_USE_BRDF1 UNITY_SPECCUBE_BOX_PROJECTION UNITY_SPECCUBE_BLENDING UNITY_ENABLE_DETAIL_NORMALMAP SHADER_API_DESKTOP UNITY_LIGHT_PROBE_PROXY_VOLUME UNITY_LIGHTMAP_RGBM_ENCODING
  api=4 type=1 insize=11954 outsize=3950 kw= pd=UNITY_ENABLE_REFLECTION_BUFFERS UNITY_USE_DITHER_MASK_FOR_ALPHABLENDED_SHADOWS UNITY_PBS_USE_BRDF1 UNITY_SPECCUBE_BOX_PROJECTION UNITY_SPECCUBE_BLENDING UNITY_ENABLE_DETAIL_NORMALMAP SHADER_API_DESKTOP UNITY_LIGHT_PROBE_PROXY_VOLUME UNITY_LIGHTMAP_RGBM_ENCODING ok=1
Cmd: preprocess
  insize=811 outsize=209 ok=1
Cmd: preprocess
  insize=4648 outsize=1183 ok=1
Cmd: preprocess
  insize=811 outsize=209 ok=1
Cmd: preprocess
  insize=4691 outsize=1183 ok=1
Cmd: preprocess
  insize=13452 outsize=1184 ok=1
Cmd: preprocess
  insize=39804 outsize=2504 ok=1
Cmd: preprocess
  insize=13543 outsize=1247 ok=1
Cmd: preprocess
  insize=39975 outsize=2568 ok=1
Cmd: preprocess
  insize=12895 outsize=1250 ok=1
Cmd: compileSnippet
  error: 1 plat 4 at (260): 'TransformObjectToWorld': implicit truncation of vector type\nCompiling Fragment program
Platform defines: UNITY_ENABLE_REFLECTION_BUFFERS UNITY_USE_DITHER_MASK_FOR_ALPHABLENDED_SHADOWS UNITY_PBS_USE_BRDF1 UNITY_SPECCUBE_BOX_PROJECTION UNITY_SPECCUBE_BLENDING UNITY_ENABLE_DETAIL_NORMALMAP SHADER_API_DESKTOP UNITY_LIGHT_PROBE_PROXY_VOLUME UNITY_LIGHTMAP_RGBM_ENCODING
  api=4 type=1 insize=12633 outsize=4554 kw= pd=UNITY_ENABLE_REFLECTION_BUFFERS UNITY_USE_DITHER_MASK_FOR_ALPHABLENDED_SHADOWS UNITY_PBS_USE_BRDF1 UNITY_SPECCUBE_BOX_PROJECTION UNITY_SPECCUBE_BLENDING UNITY_ENABLE_DETAIL_NORMALMAP SHADER_API_DESKTOP UNITY_LIGHT_PROBE_PROXY_VOLUME UNITY_LIGHTMAP_RGBM_ENCODING ok=1
Cmd: compileSnippet
  api=4 type=0 insize=20183 outsize=658 kw= pd=UNITY_ENABLE_REFLECTION_BUFFERS UNITY_USE_DITHER_MASK_FOR_ALPHABLENDED_SHADOWS UNITY_PBS_USE_BRDF1 UNITY_SPECCUBE_BOX_PROJECTION UNITY_SPECCUBE_BLENDING UNITY_ENABLE_DETAIL_NORMALMAP SHADER_API_DESKTOP UNITY_LIGHT_PROBE_PROXY_VOLUME UNITY_LIGHTMAP_RGBM_ENCODING ok=1
Cmd: compileSnippet
  api=4 type=1 insize=20183 outsize=4618 kw= pd=UNITY_ENABLE_REFLECTION_BUFFERS UNITY_USE_DITHER_MASK_FOR_ALPHABLENDED_SHADOWS UNITY_PBS_USE_BRDF1 UNITY_SPECCUBE_BOX_PROJECTION UNITY_SPECCUBE_BLENDING UNITY_ENABLE_DETAIL_NORMALMAP SHADER_API_DESKTOP UNITY_LIGHT_PROBE_PROXY_VOLUME UNITY_LIGHTMAP_RGBM_ENCODING ok=1
Cmd: preprocess
  insize=811 outsize=209 ok=1
Cmd: preprocess
  insize=13566 outsize=1245 ok=1
Cmd: preprocess
  insize=39998 outsize=2568 ok=1
Cmd: preprocess
  insize=38931 outsize=2583 ok=1
Cmd: compileSnippet
  api=4 type=0 insize=8777 outsize=1026 kw=UNITY_PASS_SHADOWCASTER pd=UNITY_ENABLE_REFLECTION_BUFFERS UNITY_USE_DITHER_MASK_FOR_ALPHABLENDED_SHADOWS UNITY_PBS_USE_BRDF1 UNITY_SPECCUBE_BOX_PROJECTION UNITY_SPECCUBE_BLENDING UNITY_ENABLE_DETAIL_NORMALMAP SHADER_API_DESKTOP UNITY_LIGHT_PROBE_PROXY_VOLUME UNITY_LIGHTMAP_RGBM_ENCODING ok=1
Cmd: compileSnippet
  api=4 type=1 insize=8777 outsize=218 kw=UNITY_PASS_SHADOWCASTER pd=UNITY_ENABLE_REFLECTION_BUFFERS UNITY_USE_DITHER_MASK_FOR_ALPHABLENDED_SHADOWS UNITY_PBS_USE_BRDF1 UNITY_SPECCUBE_BOX_PROJECTION UNITY_SPECCUBE_BLENDING UNITY_ENABLE_DETAIL_NORMALMAP SHADER_API_DESKTOP UNITY_LIGHT_PROBE_PROXY_VOLUME UNITY_LIGHTMAP_RGBM_ENCODING ok=1
Cmd: compileSnippet
  api=4 type=0 insize=19845 outsize=658 kw= pd=UNITY_ENABLE_REFLECTION_BUFFERS UNITY_USE_DITHER_MASK_FOR_ALPHABLENDED_SHADOWS UNITY_PBS_USE_BRDF1 UNITY_SPECCUBE_BOX_PROJECTION UNITY_SPECCUBE_BLENDING UNITY_ENABLE_DETAIL_NORMALMAP SHADER_API_DESKTOP UNITY_LIGHT_PROBE_PROXY_VOLUME UNITY_LIGHTMAP_RGBM_ENCODING ok=1
Cmd: compileSnippet
  api=4 type=1 insize=19845 outsize=4614 kw= pd=UNITY_ENABLE_REFLECTION_BUFFERS UNITY_USE_DITHER_MASK_FOR_ALPHABLENDED_SHADOWS UNITY_PBS_USE_BRDF1 UNITY_SPECCUBE_BOX_PROJECTION UNITY_SPECCUBE_BLENDING UNITY_ENABLE_DETAIL_NORMALMAP SHADER_API_DESKTOP UNITY_LIGHT_PROBE_PROXY_VOLUME UNITY_LIGHTMAP_RGBM_ENCODING ok=1
Cmd: preprocess
  insize=811 outsize=209 ok=1
Cmd: preprocess
  insize=811 outsize=209 ok=1
Cmd: preprocess
  insize=811 outsize=209 ok=1
Cmd: preprocess
  insize=811 outsize=209 ok=1
Cmd: preprocess
  insize=811 outsize=209 ok=1
Cmd: preprocess
  insize=811 outsize=209 ok=1
Cmd: preprocess
  insize=811 outsize=209 ok=1
Cmd: preprocess
  insize=811 outsize=209 ok=1
Cmd: preprocess
  insize=811 outsize=209 ok=1
Cmd: preprocess
  insize=811 outsize=209 ok=1
Cmd: preprocess
  insize=811 outsize=209 ok=1
Cmd: preprocess
  insize=811 outsize=209 ok=1
Cmd: preprocess
  insize=811 outsize=209 ok=1
Cmd: preprocess
  insize=811 outsize=209 ok=1
Cmd: preprocess
  insize=811 outsize=209 ok=1
Cmd: preprocess
  insize=811 outsize=209 ok=1
Cmd: preprocess
  insize=811 outsize=209 ok=1
Cmd: preprocess
  insize=811 outsize=209 ok=1
Cmd: preprocess
  insize=811 outsize=209 ok=1
Cmd: preprocess
  insize=811 outsize=209 ok=1
Cmd: preprocess
  insize=811 outsize=209 ok=1
Cmd: preprocess
  insize=811 outsize=209 ok=1
Cmd: preprocess
  insize=811 outsize=209 ok=1
Cmd: preprocess
  insize=811 outsize=209 ok=1
Cmd: preprocess
  insize=811 outsize=209 ok=1
Cmd: preprocess
  insize=811 outsize=209 ok=1
Cmd: preprocess
  insize=811 outsize=209 ok=1
Cmd: preprocess
  insize=811 outsize=209 ok=1
Cmd: preprocess
  insize=811 outsize=209 ok=1
Cmd: preprocess
  insize=811 outsize=209 ok=1
Cmd: preprocess
  insize=811 outsize=209 ok=1
Cmd: preprocess
  insize=811 outsize=209 ok=1
Cmd: preprocess
  insize=811 outsize=209 ok=1
Cmd: preprocess
  insize=811 outsize=209 ok=1
Cmd: preprocess
  insize=811 outsize=209 ok=1
Cmd: preprocess
  insize=811 outsize=209 ok=1
Cmd: preprocess
  insize=5759 outsize=1085 ok=1
Cmd: preprocess
  insize=5449 outsize=1087 ok=1
Cmd: preprocess
  insize=5013 outsize=1085 ok=1
Cmd: preprocess
  insize=4796 outsize=1086 ok=1
Cmd: preprocess
  insize=4235 outsize=1090 ok=1
Cmd: preprocess
  insize=4326 outsize=1090 ok=1
Cmd: preprocess
  insize=7579 outsize=1091 ok=1
Cmd: preprocess
  insize=8916 outsize=1092 ok=1
Cmd: preprocess
  insize=4427 outsize=1089 ok=1
Cmd: preprocess
  insize=10537 outsize=1087 ok=1
Cmd: preprocess
  insize=4744 outsize=1085 ok=1
Cmd: preprocess
  insize=5050 outsize=1084 ok=1
Cmd: preprocess
  insize=6485 outsize=1080 ok=1
Cmd: preprocess
  insize=6638 outsize=1080 ok=1
Cmd: preprocess
  insize=6853 outsize=1085 ok=1
Cmd: preprocess
  insize=4744 outsize=1086 ok=1
Cmd: preprocess
  insize=5054 outsize=1085 ok=1
Cmd: preprocess
  insize=5299 outsize=1080 ok=1
Cmd: preprocess
  insize=5514 outsize=1085 ok=1
Cmd: preprocess
  insize=10534 outsize=1084 ok=1
Cmd: preprocess
  insize=7579 outsize=1091 ok=1
Cmd: preprocess
  insize=8916 outsize=1092 ok=1
Cmd: preprocess
  insize=5514 outsize=1085 ok=1
Cmd: preprocess
  insize=10534 outsize=1084 ok=1
Cmd: preprocess
  insize=10537 outsize=1087 ok=1
Cmd: preprocess
  insize=5054 outsize=1085 ok=1
Cmd: preprocess
  insize=5299 outsize=1080 ok=1
Cmd: preprocess
  insize=4744 outsize=1086 ok=1
Cmd: preprocess
  insize=6853 outsize=1085 ok=1
Cmd: preprocess
  insize=5050 outsize=1084 ok=1
Cmd: preprocess
  insize=6485 outsize=1080 ok=1
Cmd: preprocess
  insize=6638 outsize=1080 ok=1
Cmd: preprocess
  insize=4744 outsize=1085 ok=1
Cmd: preprocess
  insize=4427 outsize=1089 ok=1
Cmd: preprocess
  insize=4326 outsize=1090 ok=1
Cmd: preprocess
  insize=4796 outsize=1086 ok=1
Cmd: preprocess
  insize=5013 outsize=1085 ok=1
Cmd: preprocess
  insize=5449 outsize=1087 ok=1
Cmd: preprocess
  insize=5759 outsize=1085 ok=1
Cmd: preprocess
  insize=4235 outsize=1090 ok=1
Cmd: compileSnippet
  api=4 type=0 insize=8777 outsize=1286 kw=UNITY_PASS_SHADOWCASTER INSTANCING_ON pd=UNITY_ENABLE_REFLECTION_BUFFERS UNITY_USE_DITHER_MASK_FOR_ALPHABLENDED_SHADOWS UNITY_PBS_USE_BRDF1 UNITY_SPECCUBE_BOX_PROJECTION UNITY_SPECCUBE_BLENDING UNITY_ENABLE_DETAIL_NORMALMAP SHADER_API_DESKTOP UNITY_LIGHT_PROBE_PROXY_VOLUME UNITY_LIGHTMAP_RGBM_ENCODING ok=1
Cmd: compileSnippet
  api=4 type=1 insize=8777 outsize=262 kw=UNITY_PASS_SHADOWCASTER INSTANCING_ON pd=UNITY_ENABLE_REFLECTION_BUFFERS UNITY_USE_DITHER_MASK_FOR_ALPHABLENDED_SHADOWS UNITY_PBS_USE_BRDF1 UNITY_SPECCUBE_BOX_PROJECTION UNITY_SPECCUBE_BLENDING UNITY_ENABLE_DETAIL_NORMALMAP SHADER_API_DESKTOP UNITY_LIGHT_PROBE_PROXY_VOLUME UNITY_LIGHTMAP_RGBM_ENCODING ok=1
Cmd: preprocess
  insize=811 outsize=209 ok=1
Cmd: preprocess
  insize=811 outsize=209 ok=1
Cmd: preprocess
  insize=811 outsize=209 ok=1
Cmd: preprocess
  insize=811 outsize=209 ok=1
Cmd: preprocess
  insize=811 outsize=209 ok=1
Cmd: preprocess
  insize=811 outsize=209 ok=1
Cmd: preprocess
  insize=811 outsize=209 ok=1
Cmd: preprocess
  insize=811 outsize=209 ok=1
Cmd: preprocess
  insize=811 outsize=209 ok=1
Cmd: preprocess
  insize=811 outsize=209 ok=1
Cmd: preprocess
  insize=811 outsize=209 ok=1
Cmd: preprocess
  insize=811 outsize=209 ok=1
Cmd: preprocess
  insize=811 outsize=209 ok=1
Cmd: preprocess
  insize=811 outsize=209 ok=1
Cmd: preprocess
  insize=811 outsize=209 ok=1
Cmd: preprocess
  insize=811 outsize=209 ok=1
Cmd: preprocess
  insize=811 outsize=209 ok=1
Cmd: preprocess
  insize=811 outsize=209 ok=1
Cmd: preprocess
  insize=811 outsize=209 ok=1
Cmd: preprocess
  insize=39998 outsize=2568 ok=1
Cmd: preprocess
  insize=12895 outsize=1250 ok=1
Cmd: preprocess
  insize=4599 outsize=1254 ok=1
Cmd: preprocess
  insize=13566 outsize=1245 ok=1
Cmd: preprocess
  insize=12895 outsize=1250 ok=1
Cmd: preprocess
  insize=13566 outsize=1245 ok=1
Cmd: preprocess
  insize=39998 outsize=2568 ok=1
Cmd: preprocess
  insize=38956 outsize=2608 ok=1
Cmd: preprocess
  insize=811 outsize=209 ok=1
Cmd: preprocess
  insize=811 outsize=209 ok=1
Cmd: preprocess
  insize=811 outsize=209 ok=1
Cmd: preprocess
  insize=811 outsize=209 ok=1
Cmd: preprocess
  insize=811 outsize=209 ok=1
Cmd: preprocess
  insize=811 outsize=209 ok=1
Cmd: preprocess
  insize=811 outsize=209 ok=1
Cmd: preprocess
  insize=811 outsize=209 ok=1
Cmd: preprocess
  insize=811 outsize=209 ok=1
Cmd: preprocess
  insize=811 outsize=209 ok=1
Cmd: preprocess
  insize=811 outsize=209 ok=1
Cmd: preprocess
  insize=811 outsize=209 ok=1
Cmd: preprocess
  insize=811 outsize=209 ok=1
Cmd: preprocess
  insize=811 outsize=209 ok=1
Cmd: preprocess
  insize=811 outsize=209 ok=1
Cmd: preprocess
  insize=811 outsize=209 ok=1
Cmd: preprocess
  insize=811 outsize=209 ok=1
Cmd: preprocess
  insize=811 outsize=209 ok=1
Cmd: preprocess
  insize=811 outsize=209 ok=1
Cmd: preprocess
  insize=811 outsize=209 ok=1
Cmd: preprocess
  insize=811 outsize=209 ok=1
Cmd: preprocess
  insize=811 outsize=209 ok=1
Cmd: preprocess
  insize=811 outsize=209 ok=1
Cmd: preprocess
  insize=811 outsize=209 ok=1
Cmd: preprocess
  insize=811 outsize=209 ok=1
Cmd: preprocess
  insize=811 outsize=209 ok=1
Cmd: preprocess
  insize=811 outsize=209 ok=1
Cmd: preprocess
  insize=811 outsize=209 ok=1
Cmd: preprocess
  insize=811 outsize=209 ok=1
Cmd: preprocess
  insize=811 outsize=209 ok=1
Cmd: preprocess
  insize=811 outsize=209 ok=1
Cmd: preprocess
  insize=811 outsize=209 ok=1
Cmd: preprocess
  insize=811 outsize=209 ok=1
Cmd: preprocess
  insize=811 outsize=209 ok=1
Cmd: preprocess
  insize=811 outsize=209 ok=1
Cmd: preprocess
  insize=811 outsize=209 ok=1
Cmd: preprocess
  insize=5759 outsize=1085 ok=1
Cmd: preprocess
  insize=5449 outsize=1087 ok=1
Cmd: preprocess
  insize=5013 outsize=1085 ok=1
Cmd: preprocess
  insize=4796 outsize=1086 ok=1
Cmd: preprocess
  insize=4235 outsize=1090 ok=1
Cmd: preprocess
  insize=4326 outsize=1090 ok=1
Cmd: preprocess
  insize=7579 outsize=1091 ok=1
Cmd: preprocess
  insize=8916 outsize=1092 ok=1
Cmd: preprocess
  insize=4427 outsize=1089 ok=1
Cmd: preprocess
  insize=10537 outsize=1087 ok=1
Cmd: preprocess
  insize=4744 outsize=1085 ok=1
Cmd: preprocess
  insize=5050 outsize=1084 ok=1
Cmd: preprocess
  insize=6485 outsize=1080 ok=1
Cmd: preprocess
  insize=6638 outsize=1080 ok=1
Cmd: preprocess
  insize=6853 outsize=1085 ok=1
Cmd: preprocess
  insize=4744 outsize=1086 ok=1
Cmd: preprocess
  insize=5054 outsize=1085 ok=1
Cmd: preprocess
  insize=5299 outsize=1080 ok=1
Cmd: preprocess
  insize=5514 outsize=1085 ok=1
Cmd: preprocess
  insize=10534 outsize=1084 ok=1
Cmd: preprocess
  insize=7579 outsize=1091 ok=1
Cmd: preprocess
  insize=8916 outsize=1092 ok=1
Cmd: preprocess
  insize=5514 outsize=1085 ok=1
Cmd: preprocess
  insize=10534 outsize=1084 ok=1
Cmd: preprocess
  insize=10537 outsize=1087 ok=1
Cmd: preprocess
  insize=5054 outsize=1085 ok=1
Cmd: preprocess
  insize=5299 outsize=1080 ok=1
Cmd: preprocess
  insize=4744 outsize=1086 ok=1
Cmd: preprocess
  insize=6853 outsize=1085 ok=1
Cmd: preprocess
  insize=5050 outsize=1084 ok=1
Cmd: preprocess
  insize=6485 outsize=1080 ok=1
Cmd: preprocess
  insize=6638 outsize=1080 ok=1
Cmd: preprocess
  insize=4744 outsize=1085 ok=1
Cmd: preprocess
  insize=4427 outsize=1089 ok=1
Cmd: preprocess
  insize=4326 outsize=1090 ok=1
Cmd: preprocess
  insize=4796 outsize=1086 ok=1
Cmd: preprocess
  insize=5013 outsize=1085 ok=1
Cmd: preprocess
  insize=5449 outsize=1087 ok=1
Cmd: preprocess
  insize=5759 outsize=1085 ok=1
Cmd: preprocess
  insize=4235 outsize=1090 ok=1
